{"/Users/lawhl/Sites/bnr/bnr-postlist/src/features/postlist/PostList.tsx": {"path":"/Users/lawhl/Sites/bnr/bnr-postlist/src/features/postlist/PostList.tsx","statementMap":{"0":{"start":{"line":9,"column":27},"end":{"line":18,"column":2}},"1":{"start":{"line":21,"column":19},"end":{"line":21,"column":32}},"2":{"start":{"line":22,"column":46},"end":{"line":22,"column":59}},"3":{"start":{"line":23,"column":27},"end":{"line":32,"column":3}},"4":{"start":{"line":25,"column":6},"end":{"line":29,"column":7}},"5":{"start":{"line":34,"column":2},"end":{"line":36,"column":16}},"6":{"start":{"line":35,"column":4},"end":{"line":35,"column":26}},"7":{"start":{"line":38,"column":2},"end":{"line":51,"column":4}}},"fnMap":{"0":{"name":"PostList","decl":{"start":{"line":20,"column":24},"end":{"line":20,"column":32}},"loc":{"start":{"line":20,"column":35},"end":{"line":54,"column":1}},"line":20},"1":{"name":"(anonymous_1)","decl":{"start":{"line":24,"column":4},"end":{"line":24,"column":5}},"loc":{"start":{"line":24,"column":26},"end":{"line":30,"column":5}},"line":24},"2":{"name":"(anonymous_2)","decl":{"start":{"line":34,"column":12},"end":{"line":34,"column":13}},"loc":{"start":{"line":34,"column":18},"end":{"line":36,"column":3}},"line":34}},"branchMap":{},"s":{"0":2,"1":1,"2":1,"3":1,"4":2,"5":1,"6":1,"7":1},"f":{"0":1,"1":2,"2":1},"b":{},"_coverageSchema":"1a1c01bbd47fc00a2c39e90264f33305004495a9","hash":"cb4bc870b262c79523648326b18f54d3beca0b1d"}
,"/Users/lawhl/Sites/bnr/bnr-postlist/src/features/postlist/featuredPosts.tsx": {"path":"/Users/lawhl/Sites/bnr/bnr-postlist/src/features/postlist/featuredPosts.tsx","statementMap":{"0":{"start":{"line":8,"column":2},"end":{"line":26,"column":3}},"1":{"start":{"line":12,"column":10},"end":{"line":12,"column":51}},"2":{"start":{"line":14,"column":8},"end":{"line":16,"column":9}},"3":{"start":{"line":15,"column":10},"end":{"line":15,"column":78}},"4":{"start":{"line":17,"column":8},"end":{"line":22,"column":9}}},"fnMap":{"0":{"name":"FeaturedPosts","decl":{"start":{"line":6,"column":24},"end":{"line":6,"column":37}},"loc":{"start":{"line":6,"column":40},"end":{"line":27,"column":1}},"line":6},"1":{"name":"(anonymous_1)","decl":{"start":{"line":10,"column":7},"end":{"line":10,"column":8}},"loc":{"start":{"line":10,"column":18},"end":{"line":23,"column":7}},"line":10},"2":{"name":"handleOnChange","decl":{"start":{"line":11,"column":17},"end":{"line":11,"column":31}},"loc":{"start":{"line":11,"column":73},"end":{"line":13,"column":9}},"line":11}},"branchMap":{"0":{"loc":{"start":{"line":14,"column":8},"end":{"line":16,"column":9}},"type":"if","locations":[{"start":{"line":14,"column":8},"end":{"line":16,"column":9}},{"start":{"line":14,"column":8},"end":{"line":16,"column":9}}],"line":14}},"s":{"0":2,"1":0,"2":2,"3":0,"4":2},"f":{"0":2,"1":2,"2":0},"b":{"0":[0,2]},"_coverageSchema":"1a1c01bbd47fc00a2c39e90264f33305004495a9","hash":"2e04275b42e00b027fc27f5852e7e7d0abfeb00b"}
}
