TN:
SF:src/features/postlist/PostList.tsx
FN:20,PostList
FN:24,(anonymous_1)
FN:34,(anonymous_2)
FNF:3
FNH:3
FNDA:1,PostList
FNDA:2,(anonymous_1)
FNDA:1,(anonymous_2)
DA:9,2
DA:21,1
DA:22,1
DA:23,1
DA:25,2
DA:34,1
DA:35,1
DA:38,1
LF:8
LH:8
BRF:0
BRH:0
end_of_record
TN:
SF:src/features/postlist/featuredPosts.tsx
FN:6,FeaturedPosts
FN:10,(anonymous_1)
FN:11,handleOnChange
FNF:3
FNH:2
FNDA:2,FeaturedPosts
FNDA:2,(anonymous_1)
FNDA:0,handleOnChange
DA:8,2
DA:12,0
DA:14,2
DA:15,0
DA:17,2
LF:5
LH:3
BRDA:14,0,0,0
BRDA:14,0,1,2
BRF:2
BRH:1
end_of_record
